<?xml version="1.0" encoding="UTF-8"?>
<!-- Generated by org.testng.reporters.JUnitReportReporter -->
<testsuite skipped="0" hostname="DESKTOP-BPNON4T" name="TestRunner.TestRunnerNHS" tests="1" failures="0" timestamp="29 Oct 2020 20:08:09 GMT" time="31.576" errors="0">
  <testcase name="feature" time="31.576" classname="TestRunner.TestRunnerNHS"/>
</testsuite> <!-- TestRunner.TestRunnerNHS -->
