<?xml version="1.0" encoding="UTF-8"?>
<!-- Generated by org.testng.reporters.JUnitReportReporter -->
<testsuite skipped="0" hostname="DESKTOP-BPNON4T" name="TestRunner.TestRunnerNHS" tests="1" failures="0" timestamp="13 Oct 2020 14:05:26 GMT" time="29.545" errors="0">
  <testcase name="feature" time="29.545" classname="TestRunner.TestRunnerNHS"/>
</testsuite> <!-- TestRunner.TestRunnerNHS -->
