<?xml version="1.0" encoding="UTF-8"?>
<!-- Generated by org.testng.reporters.JUnitReportReporter -->
<testsuite skipped="0" hostname="DESKTOP-BPNON4T" name="TestRunner.TestRunnerNHS" tests="1" failures="0" timestamp="14 Oct 2020 11:38:50 GMT" time="36.030" errors="0">
  <testcase name="feature" time="36.030" classname="TestRunner.TestRunnerNHS"/>
</testsuite> <!-- TestRunner.TestRunnerNHS -->
